\BOOKMARK [1][-]{section.1}{Introduction}{}% 1
\BOOKMARK [1][-]{section.2}{The Dark Matter Halo Model}{}% 2
\BOOKMARK [2][-]{subsection.2.1}{Clustering Framework}{section.2}% 3
\BOOKMARK [3][-]{subsubsection.2.1.1}{1-halo term}{subsection.2.1}% 4
\BOOKMARK [3][-]{subsubsection.2.1.2}{2-halo term}{subsection.2.1}% 5
\BOOKMARK [2][-]{subsection.2.2}{Matter Power Spectrum}{section.2}% 6
\BOOKMARK [2][-]{subsection.2.3}{Mass Definition}{section.2}% 7
\BOOKMARK [2][-]{subsection.2.4}{Variance and Spatial Filter}{section.2}% 8
\BOOKMARK [2][-]{subsection.2.5}{Mass Function}{section.2}% 9
\BOOKMARK [2][-]{subsection.2.6}{Bias}{section.2}% 10
\BOOKMARK [3][-]{subsubsection.2.6.1}{Scale-dependence}{subsection.2.6}% 11
\BOOKMARK [2][-]{subsection.2.7}{Halo Density Profiles}{section.2}% 12
\BOOKMARK [3][-]{subsubsection.2.7.1}{Truncated Halos}{subsection.2.7}% 13
\BOOKMARK [3][-]{subsubsection.2.7.2}{Non-truncated Profiles}{subsection.2.7}% 14
\BOOKMARK [2][-]{subsection.2.8}{Concentration-Mass Relation}{section.2}% 15
\BOOKMARK [2][-]{subsection.2.9}{Halo exclusion}{section.2}% 16
\BOOKMARK [3][-]{subsubsection.2.9.1}{Empirical approaches}{subsection.2.9}% 17
\BOOKMARK [3][-]{subsubsection.2.9.2}{Physical approaches}{subsection.2.9}% 18
\BOOKMARK [1][-]{section.3}{Extending the Halo Model to Galaxies}{}% 19
\BOOKMARK [2][-]{subsection.3.1}{HOD models}{section.3}% 20
\BOOKMARK [2][-]{subsection.3.2}{Extension of framework to galaxies}{section.3}% 21
\BOOKMARK [2][-]{subsection.3.3}{Derived Quantities}{section.3}% 22
\BOOKMARK [1][-]{section.4}{The halomod library}{}% 23
\BOOKMARK [2][-]{subsection.4.1}{Philosophy and Architecture}{section.4}% 24
\BOOKMARK [3][-]{subsubsection.4.1.1}{Intuitive Usage}{subsection.4.1}% 25
\BOOKMARK [3][-]{subsubsection.4.1.2}{Simple Conceptual Framework}{subsection.4.1}% 26
\BOOKMARK [3][-]{subsubsection.4.1.3}{Efficiency}{subsection.4.1}% 27
\BOOKMARK [3][-]{subsubsection.4.1.4}{Flexibility}{subsection.4.1}% 28
\BOOKMARK [3][-]{subsubsection.4.1.5}{Interoperability}{subsection.4.1}% 29
\BOOKMARK [2][-]{subsection.4.2}{Frameworks}{section.4}% 30
\BOOKMARK [3][-]{subsubsection.4.2.1}{Base Halo Model}{subsection.4.2}% 31
\BOOKMARK [3][-]{subsubsection.4.2.2}{Projected correlation function}{subsection.4.2}% 32
\BOOKMARK [3][-]{subsubsection.4.2.3}{Angular correlation functions}{subsection.4.2}% 33
\BOOKMARK [3][-]{subsubsection.4.2.4}{Warm dark matter models}{subsection.4.2}% 34
\BOOKMARK [2][-]{subsection.4.3}{Components}{section.4}% 35
\BOOKMARK [3][-]{subsubsection.4.3.1}{Cosmology}{subsection.4.3}% 36
\BOOKMARK [3][-]{subsubsection.4.3.2}{Transfer functions}{subsection.4.3}% 37
\BOOKMARK [3][-]{subsubsection.4.3.3}{Mass Definitions}{subsection.4.3}% 38
\BOOKMARK [3][-]{subsubsection.4.3.4}{Window functions/Filters}{subsection.4.3}% 39
\BOOKMARK [3][-]{subsubsection.4.3.5}{HMF}{subsection.4.3}% 40
\BOOKMARK [3][-]{subsubsection.4.3.6}{Bias}{subsection.4.3}% 41
\BOOKMARK [3][-]{subsubsection.4.3.7}{Halo Profiles}{subsection.4.3}% 42
\BOOKMARK [3][-]{subsubsection.4.3.8}{Concentration-mass relations}{subsection.4.3}% 43
\BOOKMARK [3][-]{subsubsection.4.3.9}{HOD}{subsection.4.3}% 44
\BOOKMARK [3][-]{subsubsection.4.3.10}{Halo Exclusion}{subsection.4.3}% 45
\BOOKMARK [2][-]{subsection.4.4}{Extra functionality}{section.4}% 46
\BOOKMARK [3][-]{subsubsection.4.4.1}{Command-line interface}{subsection.4.4}% 47
\BOOKMARK [3][-]{subsubsection.4.4.2}{HOD population}{subsection.4.4}% 48
\BOOKMARK [1][-]{section.5}{TheHaloMod web-application}{}% 49
\BOOKMARK [2][-]{subsection.5.1}{Interface}{section.5}% 50
\BOOKMARK [2][-]{subsection.5.2}{Architecture}{section.5}% 51
\BOOKMARK [1][-]{section.6}{Example Application}{}% 52
\BOOKMARK [1][-]{section.7}{Future Development}{}% 53
\BOOKMARK [1][-]{section.8}{Summary}{}% 54
\BOOKMARK [1][-]{appendix.A}{halomod's Caching System}{}% 55
\BOOKMARK [1][-]{appendix.B}{Hankel Transform}{}% 56
\BOOKMARK [1][-]{appendix.C}{Projected Correlation Function Limits}{}% 57
