This is pdfTeX, Version 3.14159265-2.6-1.40.21 (TeX Live 2020/Arch Linux) (preloaded format=pdflatex 2020.9.22)  28 SEP 2020 14:44
entering extended mode
 \write18 enabled.
 %&-line parsing enabled.
**paper.tex
(./paper.tex
LaTeX2e <2020-02-02> patch level 5
L3 programming layer <2020-06-03>
(/usr/share/texmf-dist/tex/latex/elsarticle/elsarticle.cls
Document Class: elsarticle 2019/02/25, 3.2: Elsevier Ltd
\@bls=\dimen134
(/usr/share/texmf-dist/tex/latex/base/article.cls
Document Class: article 2019/12/20 v1.4l Standard LaTeX document class
(/usr/share/texmf-dist/tex/latex/base/size10.clo
File: size10.clo 2019/12/20 v1.4l Standard LaTeX file (size option)
)
\c@part=\count167
\c@section=\count168
\c@subsection=\count169
\c@subsubsection=\count170
\c@paragraph=\count171
\c@subparagraph=\count172
\c@figure=\count173
\c@table=\count174
\abovecaptionskip=\skip47
\belowcaptionskip=\skip48
\bibindent=\dimen135
)
(/usr/share/texmf-dist/tex/latex/graphics/graphicx.sty
Package: graphicx 2019/11/30 v1.2a Enhanced LaTeX Graphics (DPC,SPQR)

(/usr/share/texmf-dist/tex/latex/graphics/keyval.sty
Package: keyval 2014/10/28 v1.15 key=value parser (DPC)
\KV@toks@=\toks15
)
(/usr/share/texmf-dist/tex/latex/graphics/graphics.sty
Package: graphics 2019/11/30 v1.4a Standard LaTeX Graphics (DPC,SPQR)

(/usr/share/texmf-dist/tex/latex/graphics/trig.sty
Package: trig 2016/01/03 v1.10 sin cos tan (DPC)
)
(/usr/share/texmf-dist/tex/latex/graphics-cfg/graphics.cfg
File: graphics.cfg 2016/06/04 v1.11 sample graphics configuration
)
Package graphics Info: Driver file: pdftex.def on input line 105.

(/usr/share/texmf-dist/tex/latex/graphics-def/pdftex.def
File: pdftex.def 2018/01/08 v1.0l Graphics/color driver for pdftex
))
\Gin@req@height=\dimen136
\Gin@req@width=\dimen137
)
\c@tnote=\count175
\c@fnote=\count176
\c@cnote=\count177
\c@ead=\count178
\c@author=\count179
\@eadauthor=\toks16
\c@affn=\count180
\absbox=\box45
\elsarticlehighlightsbox=\box46
\elsarticlegrabsbox=\box47
\keybox=\box48
\Columnwidth=\dimen138
\space@left=\dimen139
\els@boxa=\box49
\els@boxb=\box50
\leftMargin=\dimen140
\@enLab=\toks17
\@sep=\skip49
\@@sep=\skip50
 (./paper.spl)
(/usr/share/texmf-dist/tex/latex/natbib/natbib.sty
Package: natbib 2010/09/13 8.31b (PWD, AO)
\bibhang=\skip51
\bibsep=\skip52
LaTeX Info: Redefining \cite on input line 694.
\c@NAT@ctr=\count181
)
\splwrite=\write3

(/usr/share/texmf-dist/tex/latex/geometry/geometry.sty
Package: geometry 2020/01/02 v5.9 Page Geometry

(/usr/share/texmf-dist/tex/generic/iftex/ifvtex.sty
Package: ifvtex 2019/10/25 v1.7 ifvtex legacy package. Use iftex instead.

(/usr/share/texmf-dist/tex/generic/iftex/iftex.sty
Package: iftex 2020/03/06 v1.0d TeX engine tests
))
\Gm@cnth=\count182
\Gm@cntv=\count183
\c@Gm@tempcnt=\count184
\Gm@bindingoffset=\dimen141
\Gm@wd@mp=\dimen142
\Gm@odd@mp=\dimen143
\Gm@even@mp=\dimen144
\Gm@layoutwidth=\dimen145
\Gm@layoutheight=\dimen146
\Gm@layouthoffset=\dimen147
\Gm@layoutvoffset=\dimen148
\Gm@dimlist=\toks18
)
(/usr/share/texmf-dist/tex/latex/base/fleqn.clo
File: fleqn.clo 2016/12/29 v1.2b Standard LaTeX option (flush left equations)
\mathindent=\dimen149
Applying: [2015/01/01] Make \[ robust on input line 50.
LaTeX Info: Redefining \[ on input line 51.
Already applied: [0000/00/00] Make \[ robust on input line 62.
Applying: [2015/01/01] Make \] robust on input line 74.
LaTeX Info: Redefining \] on input line 75.
Already applied: [0000/00/00] Make \] robust on input line 83.
)
\appnamewidth=\dimen150
)
(/usr/share/texmf-dist/tex/latex/tools/array.sty
Package: array 2019/08/31 v2.4l Tabular extension package (FMi)
\col@sep=\dimen151
\ar@mcellbox=\box51
\extrarowheight=\dimen152
\NC@list=\toks19
\extratabsurround=\skip53
\backup@length=\skip54
\ar@cellbox=\box52
)
(/usr/share/texmf-dist/tex/latex/lineno/lineno.sty
Package: lineno 2005/11/02 line numbers on paragraphs v4.41
\linenopenalty=\count185
\output=\toks20
\linenoprevgraf=\count186
\linenumbersep=\dimen153
\linenumberwidth=\dimen154
\c@linenumber=\count187
\c@pagewiselinenumber=\count188
\c@LN@truepage=\count189
\c@internallinenumber=\count190
\c@internallinenumbers=\count191
\quotelinenumbersep=\dimen155
\bframerule=\dimen156
\bframesep=\dimen157
\bframebox=\box53
LaTeX Info: Redefining \\ on input line 3056.
)
(/usr/share/texmf-dist/tex/latex/xcolor/xcolor.sty
Package: xcolor 2016/05/11 v2.12 LaTeX color extensions (UK)

(/usr/share/texmf-dist/tex/latex/graphics-cfg/color.cfg
File: color.cfg 2016/01/02 v1.6 sample color configuration
)
Package xcolor Info: Driver file: pdftex.def on input line 225.
Package xcolor Info: Model `cmy' substituted by `cmy0' on input line 1348.
Package xcolor Info: Model `hsb' substituted by `rgb' on input line 1352.
Package xcolor Info: Model `RGB' extended on input line 1364.
Package xcolor Info: Model `HTML' substituted by `rgb' on input line 1366.
Package xcolor Info: Model `Hsb' substituted by `hsb' on input line 1367.
Package xcolor Info: Model `tHsb' substituted by `hsb' on input line 1368.
Package xcolor Info: Model `HSB' substituted by `hsb' on input line 1369.
Package xcolor Info: Model `Gray' substituted by `gray' on input line 1370.
Package xcolor Info: Model `wave' substituted by `hsb' on input line 1371.
)
(/usr/share/texmf-dist/tex/latex/hyperref/hyperref.sty
Package: hyperref 2020-05-15 v7.00e Hypertext links for LaTeX

(/usr/share/texmf-dist/tex/generic/ltxcmds/ltxcmds.sty
Package: ltxcmds 2019/12/15 v1.24 LaTeX kernel commands for general use (HO)
)
(/usr/share/texmf-dist/tex/latex/pdftexcmds/pdftexcmds.sty
Package: pdftexcmds 2020-06-04 v0.32 Utility functions of pdfTeX for LuaTeX (HO
)

(/usr/share/texmf-dist/tex/generic/infwarerr/infwarerr.sty
Package: infwarerr 2019/12/03 v1.5 Providing info/warning/error messages (HO)
)
Package pdftexcmds Info: \pdf@primitive is available.
Package pdftexcmds Info: \pdf@ifprimitive is available.
Package pdftexcmds Info: \pdfdraftmode found.
)
(/usr/share/texmf-dist/tex/generic/kvsetkeys/kvsetkeys.sty
Package: kvsetkeys 2019/12/15 v1.18 Key value parser (HO)
)
(/usr/share/texmf-dist/tex/generic/kvdefinekeys/kvdefinekeys.sty
Package: kvdefinekeys 2019-12-19 v1.6 Define keys (HO)
)
(/usr/share/texmf-dist/tex/generic/pdfescape/pdfescape.sty
Package: pdfescape 2019/12/09 v1.15 Implements pdfTeX's escape features (HO)
)
(/usr/share/texmf-dist/tex/latex/hycolor/hycolor.sty
Package: hycolor 2020-01-27 v1.10 Color options for hyperref/bookmark (HO)
)
(/usr/share/texmf-dist/tex/latex/letltxmacro/letltxmacro.sty
Package: letltxmacro 2019/12/03 v1.6 Let assignment for LaTeX macros (HO)
)
(/usr/share/texmf-dist/tex/latex/auxhook/auxhook.sty
Package: auxhook 2019-12-17 v1.6 Hooks for auxiliary files (HO)
)
(/usr/share/texmf-dist/tex/latex/kvoptions/kvoptions.sty
Package: kvoptions 2019/11/29 v3.13 Key value format for package options (HO)
)
\@linkdim=\dimen158
\Hy@linkcounter=\count192
\Hy@pagecounter=\count193

(/usr/share/texmf-dist/tex/latex/hyperref/pd1enc.def
File: pd1enc.def 2020-05-15 v7.00e Hyperref: PDFDocEncoding definition (HO)
Now handling font encoding PD1 ...
... no UTF-8 mapping file for font encoding PD1
)
(/usr/share/texmf-dist/tex/generic/intcalc/intcalc.sty
Package: intcalc 2019/12/15 v1.3 Expandable calculations with integers (HO)
)
(/usr/share/texmf-dist/tex/generic/etexcmds/etexcmds.sty
Package: etexcmds 2019/12/15 v1.7 Avoid name clashes with e-TeX commands (HO)
)
\Hy@SavedSpaceFactor=\count194
Package hyperref Info: Option `colorlinks' set `true' on input line 4338.
Package hyperref Info: Hyper figures OFF on input line 4464.
Package hyperref Info: Link nesting OFF on input line 4469.
Package hyperref Info: Hyper index ON on input line 4472.
Package hyperref Info: Plain pages OFF on input line 4479.
Package hyperref Info: Backreferencing OFF on input line 4484.
Package hyperref Info: Implicit mode ON; LaTeX internals redefined.
Package hyperref Info: Bookmarks ON on input line 4717.
\c@Hy@tempcnt=\count195

(/usr/share/texmf-dist/tex/latex/url/url.sty
\Urlmuskip=\muskip16
Package: url 2013/09/16  ver 3.4  Verb mode for urls, etc.
)
LaTeX Info: Redefining \url on input line 5076.
\XeTeXLinkMargin=\dimen159

(/usr/share/texmf-dist/tex/generic/bitset/bitset.sty
Package: bitset 2019/12/09 v1.3 Handle bit-vector datatype (HO)

(/usr/share/texmf-dist/tex/generic/bigintcalc/bigintcalc.sty
Package: bigintcalc 2019/12/15 v1.5 Expandable calculations on big integers (HO
)
))
\Fld@menulength=\count196
\Field@Width=\dimen160
\Fld@charsize=\dimen161
Package hyperref Info: Hyper figures OFF on input line 6347.
Package hyperref Info: Link nesting OFF on input line 6352.
Package hyperref Info: Hyper index ON on input line 6355.
Package hyperref Info: backreferencing OFF on input line 6362.
Package hyperref Info: Link coloring ON on input line 6365.
Package hyperref Info: Link coloring with OCG OFF on input line 6372.
Package hyperref Info: PDF/A mode OFF on input line 6377.
LaTeX Info: Redefining \ref on input line 6417.
LaTeX Info: Redefining \pageref on input line 6421.

(/usr/share/texmf-dist/tex/generic/atbegshi/atbegshi.sty
Package: atbegshi 2019/12/05 v1.19 At begin shipout hook (HO)
)
\Hy@abspage=\count197
\c@Item=\count198
\c@Hfootnote=\count199
)
Package hyperref Info: Driver (autodetected): hpdftex.

(/usr/share/texmf-dist/tex/latex/hyperref/hpdftex.def
File: hpdftex.def 2020-05-15 v7.00e Hyperref driver for pdfTeX

(/usr/share/texmf-dist/tex/latex/atveryend/atveryend.sty
Package: atveryend 2019-12-11 v1.11 Hooks at the very end of document (HO)
Package atveryend Info: \enddocument detected (standard20110627).
)
\Fld@listcount=\count266
\c@bookmark@seq@number=\count267

(/usr/share/texmf-dist/tex/latex/rerunfilecheck/rerunfilecheck.sty
Package: rerunfilecheck 2019/12/05 v1.9 Rerun checks for auxiliary files (HO)

(/usr/share/texmf-dist/tex/generic/uniquecounter/uniquecounter.sty
Package: uniquecounter 2019/12/15 v1.4 Provide unlimited unique counter (HO)
)
Package uniquecounter Info: New unique counter `rerunfilecheck' on input line 2
86.
)
\Hy@SectionHShift=\skip55
)
(/usr/share/texmf-dist/tex/latex/minted/minted.sty
Package: minted 2017/07/19 v2.5 Yet another Pygments shim for LaTeX

(/usr/share/texmf-dist/tex/latex/fvextra/fvextra.sty
Package: fvextra 2019/02/04 v1.4 fvextra - extensions and patches for fancyvrb

(/usr/share/texmf-dist/tex/latex/base/ifthen.sty
Package: ifthen 2014/09/29 v1.1c Standard LaTeX ifthen package (DPC)
)
(/usr/share/texmf-dist/tex/latex/etoolbox/etoolbox.sty
Package: etoolbox 2019/09/21 v2.5h e-TeX tools for LaTeX (JAW)
\etb@tempcnta=\count268
)
(/usr/share/texmf-dist/tex/latex/fancyvrb/fancyvrb.sty
Package: fancyvrb 2020/05/03 v3.6 verbatim text (tvz,hv)
\FV@CodeLineNo=\count269
\FV@InFile=\read2
\FV@TabBox=\box54
\c@FancyVerbLine=\count270
\FV@StepNumber=\count271
\FV@OutFile=\write4
)
(/usr/share/texmf-dist/tex/latex/upquote/upquote.sty
Package: upquote 2012/04/19 v1.3 upright-quote and grave-accent glyphs in verba
tim
)
\c@FV@TrueTabGroupLevel=\count272
\c@FV@TrueTabCounter=\count273
\FV@TabBox@Group=\box55
\FV@TmpLength=\skip56
\c@FV@HighlightLinesStart=\count274
\c@FV@HighlightLinesStop=\count275
\FV@LoopCount=\count276
\FV@NCharsBox=\box56
\FV@BreakIndent=\dimen162
\FV@BreakIndentNChars=\count277
\FV@BreakSymbolSepLeft=\dimen163
\FV@BreakSymbolSepLeftNChars=\count278
\FV@BreakSymbolSepRight=\dimen164
\FV@BreakSymbolSepRightNChars=\count279
\FV@BreakSymbolIndentLeft=\dimen165
\FV@BreakSymbolIndentLeftNChars=\count280
\FV@BreakSymbolIndentRight=\dimen166
\FV@BreakSymbolIndentRightNChars=\count281
\c@FancyVerbLineBreakLast=\count282
\FV@LineBox=\box57
\FV@LineIndentBox=\box58
\FV@LineWidth=\dimen167
)
(/usr/share/texmf-dist/tex/latex/tools/calc.sty
Package: calc 2017/05/25 v4.3 Infix arithmetic (KKT,FJ)
\calc@Acount=\count283
\calc@Bcount=\count284
\calc@Adimen=\dimen168
\calc@Bdimen=\dimen169
\calc@Askip=\skip57
\calc@Bskip=\skip58
LaTeX Info: Redefining \setlength on input line 80.
LaTeX Info: Redefining \addtolength on input line 81.
\calc@Ccount=\count285
\calc@Cskip=\skip59
)
(/usr/share/texmf-dist/tex/latex/tools/shellesc.sty
Package: shellesc 2019/11/08 v1.0c unified shell escape interface for LaTeX
Package shellesc Info: Unrestricted shell escape enabled on input line 75.
)
(/usr/share/texmf-dist/tex/latex/ifplatform/ifplatform.sty
Package: ifplatform 2017/10/13 v0.4a Testing for the operating system

(/usr/share/texmf-dist/tex/generic/catchfile/catchfile.sty
Package: catchfile 2019/12/09 v1.8 Catch the contents of a file (HO)
)
(/usr/share/texmf-dist/tex/generic/iftex/ifluatex.sty
Package: ifluatex 2019/10/25 v1.5 ifluatex legacy package. Use iftex instead.
)
runsystem(uname -s > "paper.w18")...executed.

 (./paper.w18)
runsystem(rm -- "paper.w18")...executed.

)
(/usr/share/texmf-dist/tex/generic/xstring/xstring.sty
(/usr/share/texmf-dist/tex/generic/xstring/xstring.tex
\integerpart=\count286
\decimalpart=\count287
)
Package: xstring 2019/02/06 v1.83 String manipulations (CT)
)
(/usr/share/texmf-dist/tex/latex/framed/framed.sty
Package: framed 2011/10/22 v 0.96: framed or shaded text with page breaks
\OuterFrameSep=\skip60
\fb@frw=\dimen170
\fb@frh=\dimen171
\FrameRule=\dimen172
\FrameSep=\dimen173
)
(/usr/share/texmf-dist/tex/latex/float/float.sty
Package: float 2001/11/08 v1.3d Float enhancements (AL)
\c@float@type=\count288
\float@exts=\toks21
\float@box=\box59
\@float@everytoks=\toks22
\@floatcapt=\box60
)
\minted@appexistsfile=\read3
\minted@bgbox=\box61
\minted@code=\write5
\c@minted@FancyVerbLineTemp=\count289
\c@minted@pygmentizecounter=\count290
\@float@every@listing=\toks23
\c@listing=\count291
)
runsystem(mkdir -p _minted-paper)...executed.


(/usr/share/texmf-dist/tex/latex/tools/longtable.sty
Package: longtable 2020/01/07 v4.13 Multi-page Table package (DPC)
\LTleft=\skip61
\LTright=\skip62
\LTpre=\skip63
\LTpost=\skip64
\LTchunksize=\count292
\LTcapwidth=\dimen174
\LT@head=\box62
\LT@firsthead=\box63
\LT@foot=\box64
\LT@lastfoot=\box65
\LT@cols=\count293
\LT@rows=\count294
\c@LT@tables=\count295
\c@LT@chunks=\count296
\LT@p@ftn=\toks24
)
(/usr/share/texmf-dist/tex/latex/booktabs/booktabs.sty
Package: booktabs 2020/01/12 v1.61803398 Publication quality tables
\heavyrulewidth=\dimen175
\lightrulewidth=\dimen176
\cmidrulewidth=\dimen177
\belowrulesep=\dimen178
\belowbottomsep=\dimen179
\aboverulesep=\dimen180
\abovetopsep=\dimen181
\cmidrulesep=\dimen182
\cmidrulekern=\dimen183
\defaultaddspace=\dimen184
\@cmidla=\count297
\@cmidlb=\count298
\@aboverulesep=\dimen185
\@belowrulesep=\dimen186
\@thisruleclass=\count299
\@lastruleclass=\count300
\@thisrulewidth=\dimen187
)
(/usr/share/texmf-dist/tex/latex/tabu/tabu.sty
Package: tabu 2019/01/11 v2.9 - flexible LaTeX tabulars (FC+tabu-fixed)

(/usr/share/texmf-dist/tex/latex/varwidth/varwidth.sty
Package: varwidth 2009/03/30 ver 0.92;  Variable-width minipages
\@vwid@box=\box66
\sift@deathcycles=\count301
\@vwid@loff=\dimen188
\@vwid@roff=\dimen189
)
\c@taburow=\count302
\tabu@nbcols=\count303
\tabu@cnt=\count304
\tabu@Xcol=\count305
\tabu@alloc=\count306
\tabu@nested=\count307
\tabu@target=\dimen190
\tabu@spreadtarget=\dimen191
\tabu@naturalX=\dimen192
\tabucolX=\dimen193
\tabu@Xsum=\dimen194
\extrarowdepth=\dimen195
\abovetabulinesep=\dimen196
\belowtabulinesep=\dimen197
\tabustrutrule=\dimen198
\tabu@thebody=\toks25
\tabu@footnotes=\toks26
\tabu@box=\box67
\tabu@arstrutbox=\box68
\tabu@hleads=\box69
\tabu@vleads=\box70
\tabu@cellskip=\skip65
)
(/usr/share/texmf-dist/tex/latex/amsmath/amsmath.sty
Package: amsmath 2020/01/20 v2.17e AMS math features
\@mathmargin=\skip66

For additional information on amsmath, use the `?' option.
(/usr/share/texmf-dist/tex/latex/amsmath/amstext.sty
Package: amstext 2000/06/29 v2.01 AMS text

(/usr/share/texmf-dist/tex/latex/amsmath/amsgen.sty
File: amsgen.sty 1999/11/30 v2.0 generic functions
\@emptytoks=\toks27
\ex@=\dimen199
))
(/usr/share/texmf-dist/tex/latex/amsmath/amsbsy.sty
Package: amsbsy 1999/11/29 v1.2d Bold Symbols
\pmbraise@=\dimen256
)
(/usr/share/texmf-dist/tex/latex/amsmath/amsopn.sty
Package: amsopn 2016/03/08 v2.02 operator names
)
\inf@bad=\count308
LaTeX Info: Redefining \frac on input line 227.
\uproot@=\count309
\leftroot@=\count310
LaTeX Info: Redefining \overline on input line 389.
\classnum@=\count311
\DOTSCASE@=\count312
LaTeX Info: Redefining \ldots on input line 486.
LaTeX Info: Redefining \dots on input line 489.
LaTeX Info: Redefining \cdots on input line 610.
\Mathstrutbox@=\box71
\strutbox@=\box72
\big@size=\dimen257
LaTeX Font Info:    Redeclaring font encoding OML on input line 733.
LaTeX Font Info:    Redeclaring font encoding OMS on input line 734.
\macc@depth=\count313
\c@MaxMatrixCols=\count314
\dotsspace@=\muskip17
\c@parentequation=\count315
\dspbrk@lvl=\count316
\tag@help=\toks28
\row@=\count317
\column@=\count318
\maxfields@=\count319
\andhelp@=\toks29
\eqnshift@=\dimen258
\alignsep@=\dimen259
\tagshift@=\dimen260
\tagwidth@=\dimen261
\totwidth@=\dimen262
\lineht@=\dimen263
\@envbody=\toks30
\multlinegap=\skip67
\multlinetaggap=\skip68
\mathdisplay@stack=\toks31
LaTeX Info: Redefining \[ on input line 2859.
LaTeX Info: Redefining \] on input line 2860.
)
(/usr/share/texmf-dist/tex/latex/multirow/multirow.sty
Package: multirow 2019/05/31 v2.5 Span multiple rows of a table
\multirow@colwidth=\skip69
\multirow@cntb=\count320
\multirow@dima=\skip70
\bigstrutjot=\dimen264
)
(/usr/share/texmf-dist/tex/latex/pbox/pbox.sty
Package: pbox 2011/12/07 v1.2 Dynamic parboxes
\pb@xlen=\skip71
)
(/usr/share/texmf-dist/tex/latex/amsfonts/amssymb.sty
Package: amssymb 2013/01/14 v3.01 AMS font symbols

(/usr/share/texmf-dist/tex/latex/amsfonts/amsfonts.sty
Package: amsfonts 2013/01/14 v3.01 Basic AMSFonts support
\symAMSa=\mathgroup4
\symAMSb=\mathgroup5
LaTeX Font Info:    Redeclaring math symbol \hbar on input line 98.
LaTeX Font Info:    Overwriting math alphabet `\mathfrak' in version `bold'
(Font)                  U/euf/m/n --> U/euf/b/n on input line 106.
))
(/usr/share/texmf-dist/tex/latex/layouts/layouts.sty
Package: layouts 2009/09/02 v2.6d graphical depiction of document elements
\l@ylen=\skip72
\layoutsbox=\box73
\l@youtunitlength=\skip73
\l@youtlinethick=\skip74
\l@youtlinethickii=\skip75
\l@ysetupparskip=\skip76
\l@ysetupbaselineskip=\skip77
\l@yonem=\skip78
\l@yonex=\skip79
\l@ylmarg=\skip80
\l@yrmarg=\skip81
\l@yitmindent=\skip82
\l@ylblwidth=\skip83
\l@ylblsep=\skip84
\l@ylparindent=\skip85
\l@ytsep=\skip86
\l@ypskip=\skip87
\l@yptsep=\skip88
\l@ypsep=\skip89
\l@yitmsep=\skip90
\l@ytok=\toks32
\l@youtpw=\count321
\l@youtph=\count322
\l@youthpi=\count323
\l@youthpii=\count324
\l@youthpiii=\count325
\l@youthpiv=\count326
\l@youthpv=\count327
\l@youthpvi=\count328
\l@youthpvii=\count329
\l@youtparskip=\count330
\l@youtvpi=\count331
\l@youtvpii=\count332
\l@youtvpiii=\count333
\l@youtvpiv=\count334
\l@youtvpv=\count335
\l@youtvpvi=\count336
\l@youtvpvii=\count337
\l@youthdo=\count338
\l@youthdi=\count339
\l@youthdii=\count340
\l@youthdiii=\count341
\l@youthdiv=\count342
\l@youthdv=\count343
\l@youthdvi=\count344
\l@youthdvii=\count345
\l@youtvdo=\count346
\l@youtvdi=\count347
\l@youtvdii=\count348
\l@youtvdiii=\count349
\l@youtvdiv=\count350
\l@youtvdv=\count351
\l@youtvdvi=\count352
\l@youtvdvii=\count353
\l@youtvdviii=\count354
\l@youtxci=\count355
\l@youtxcii=\count356
\l@youtxciii=\count357
\l@youtxciv=\count358
\l@youtxcv=\count359
\l@youtxcvi=\count360
\l@youtyci=\count361
\l@youtycii=\count362
\l@youtyciii=\count363
\l@youtyciv=\count364
\l@youtycv=\count365
\l@youtycvi=\count366
\l@youtycvii=\count367
\l@youtycviii=\count368
\l@youtxco=\count369
\l@youtyco=\count370
\l@ytempdima=\skip91
\stockwidth=\skip92
\stockheight=\skip93
\trimedge=\skip94
\trimtop=\skip95
\uppermargin=\skip96
\spinemargin=\skip97
)
(/usr/share/texmf-dist/tex/latex/subfig/subfig.sty
Package: subfig 2005/06/28 ver: 1.3 subfig package

(/usr/share/texmf-dist/tex/latex/caption/caption.sty
Package: caption 2020/05/10 v3.4j Customizing captions (AR)

(/usr/share/texmf-dist/tex/latex/caption/caption3.sty
Package: caption3 2020/05/10 v1.11 caption3 kernel (AR)
Package caption3 Info: TeX engine: e-TeX on input line 61.
\captionmargin=\dimen265
\captionmargin@=\dimen266
\captionwidth=\dimen267
\caption@tempdima=\dimen268
\caption@indent=\dimen269
\caption@parindent=\dimen270
\caption@hangindent=\dimen271
Package caption Info: elsarticle document class detected.
)
\c@caption@flags=\count371
\c@continuedfloat=\count372
Package caption Info: float package is loaded.
Package caption Info: hyperref package is loaded.
Package caption Info: longtable package is loaded.

(/usr/share/texmf-dist/tex/latex/caption/ltcaption.sty
Package: ltcaption 2018/08/26 v1.4a longtable captions (AR)
))
\c@KVtest=\count373
\sf@farskip=\skip98
\sf@captopadj=\dimen272
\sf@capskip=\skip99
\sf@nearskip=\skip100
\c@subfigure=\count374
\c@subfigure@save=\count375
\c@lofdepth=\count376
\c@subtable=\count377
\c@subtable@save=\count378
\c@lotdepth=\count379
\sf@top=\skip101
\sf@bottom=\skip102
)
(/usr/share/texmf-dist/tex/latex/microtype/microtype.sty
Package: microtype 2019/11/18 v2.7d Micro-typographical refinements (RS)
\MT@toks=\toks33
\MT@count=\count380
LaTeX Info: Redefining \textls on input line 790.
\MT@outer@kern=\dimen273
LaTeX Info: Redefining \textmicrotypecontext on input line 1354.
\MT@listname@count=\count381

(/usr/share/texmf-dist/tex/latex/microtype/microtype-pdftex.def
File: microtype-pdftex.def 2019/11/18 v2.7d Definitions specific to pdftex (RS)

LaTeX Info: Redefining \lsstyle on input line 914.
LaTeX Info: Redefining \lslig on input line 914.
\MT@outer@space=\skip103
)
Package microtype Info: Loading configuration file microtype.cfg.

(/usr/share/texmf-dist/tex/latex/microtype/microtype.cfg
File: microtype.cfg 2019/11/18 v2.7d microtype main configuration file (RS)
)) (./citation_fix.tex)
runsystem(which pygmentize && touch paper.aex)...executed.

runsystem(rm paper.aex)...executed.

(/usr/share/texmf-dist/tex/latex/l3backend/l3backend-pdfmode.def
File: l3backend-pdfmode.def 2020-06-03 L3 backend support: PDF mode
\l__kernel_color_stack_int=\count382
\l__pdf_internal_box=\box74
)

LaTeX Warning: Unused global option(s):
    [aas_macros].

(./paper.aux)
LaTeX Font Info:    Checking defaults for OML/cmm/m/it on input line 91.
LaTeX Font Info:    ... okay on input line 91.
LaTeX Font Info:    Checking defaults for OMS/cmsy/m/n on input line 91.
LaTeX Font Info:    ... okay on input line 91.
LaTeX Font Info:    Checking defaults for OT1/cmr/m/n on input line 91.
LaTeX Font Info:    ... okay on input line 91.
LaTeX Font Info:    Checking defaults for T1/cmr/m/n on input line 91.
LaTeX Font Info:    ... okay on input line 91.
LaTeX Font Info:    Checking defaults for TS1/cmr/m/n on input line 91.
LaTeX Font Info:    ... okay on input line 91.
LaTeX Font Info:    Checking defaults for OMX/cmex/m/n on input line 91.
LaTeX Font Info:    ... okay on input line 91.
LaTeX Font Info:    Checking defaults for U/cmr/m/n on input line 91.
LaTeX Font Info:    ... okay on input line 91.
LaTeX Font Info:    Checking defaults for PD1/pdf/m/n on input line 91.
LaTeX Font Info:    ... okay on input line 91.
 (/usr/share/texmf-dist/tex/context/base/mkii/supp-pdf.mkii
[Loading MPS to PDF converter (version 2006.09.02).]
\scratchcounter=\count383
\scratchdimen=\dimen274
\scratchbox=\box75
\nofMPsegments=\count384
\nofMParguments=\count385
\everyMPshowfont=\toks34
\MPscratchCnt=\count386
\MPscratchDim=\dimen275
\MPnumerator=\count387
\makeMPintoPDFobject=\count388
\everyMPtoPDFconversion=\toks35
) (/usr/share/texmf-dist/tex/latex/epstopdf-pkg/epstopdf-base.sty
Package: epstopdf-base 2020-01-24 v2.11 Base part for package epstopdf
Package epstopdf-base Info: Redefining graphics rule for `.eps' on input line 4
85.

(/usr/share/texmf-dist/tex/latex/latexconfig/epstopdf-sys.cfg
File: epstopdf-sys.cfg 2010/07/13 v1.3 Configuration of (r)epstopdf for TeX Liv
e
))
*geometry* driver: auto-detecting
*geometry* detected driver: pdftex
*geometry* verbose mode - [ preamble ] result:
* driver: pdftex
* paper: custom
* layout: <same size as paper>
* layoutoffset:(h,v)=(0.0pt,0.0pt)
* hratio: 1:1
* vratio: 1:1
* modes: 
* h-part:(L,W,R)=(37.75394pt, 522.0pt, 37.75394pt)
* v-part:(T,H,B)=(81.52342pt, 682.0pt, 81.52342pt)
* \paperwidth=597.50787pt
* \paperheight=845.04684pt
* \textwidth=522.0pt
* \textheight=682.0pt
* \oddsidemargin=-34.51605pt
* \evensidemargin=-34.51605pt
* \topmargin=-52.74657pt
* \headheight=50.0pt
* \headsep=12.0pt
* \topskip=10.0pt
* \footskip=18.0pt
* \marginparwidth=65.0pt
* \marginparsep=11.0pt
* \columnsep=18.0pt
* \skip\footins=24.0pt plus 2.0pt minus 12.0pt
* \hoffset=0.0pt
* \voffset=0.0pt
* \mag=1000
* \@twocolumntrue
* \@twosidefalse
* \@mparswitchfalse
* \@reversemarginfalse
* (1in=72.27pt=25.4mm, 1cm=28.453pt)

\AtBeginShipoutBox=\box76

Package hyperref Warning: Height of page (\stockheight) is invalid (0.0pt),
(hyperref)                using 11in.

Package hyperref Info: Link coloring ON on input line 91.
(/usr/share/texmf-dist/tex/latex/hyperref/nameref.sty
Package: nameref 2019/09/16 v2.46 Cross-referencing by name of section

(/usr/share/texmf-dist/tex/latex/refcount/refcount.sty
Package: refcount 2019/12/15 v3.6 Data extraction from label references (HO)
)
(/usr/share/texmf-dist/tex/generic/gettitlestring/gettitlestring.sty
Package: gettitlestring 2019/12/15 v1.6 Cleanup title references (HO)
)
\c@section@level=\count389
)
LaTeX Info: Redefining \ref on input line 91.
LaTeX Info: Redefining \pageref on input line 91.
LaTeX Info: Redefining \nameref on input line 91.

(./paper.out) (./paper.out)
\@outlinefile=\write6


Package layouts Warning: Layout scale set to 0.5 on input line 91.

Package caption Info: Begin \AtBeginDocument code.
Package caption Info: subfig package v1.3 is loaded.
Package caption Info: End \AtBeginDocument code.
LaTeX Info: Redefining \microtypecontext on input line 91.
Package microtype Info: Generating PDF output.
Package microtype Info: Character protrusion enabled (level 2).
Package microtype Info: Using default protrusion set `alltext'.
Package microtype Info: Automatic font expansion enabled (level 2),
(microtype)             stretch: 20, shrink: 20, step: 1, non-selected.
Package microtype Info: Using default expansion set `basictext'.
LaTeX Info: Redefining \showhyphens on input line 91.
Package microtype Info: No adjustment of tracking.
Package microtype Info: No adjustment of interword spacing.
Package microtype Info: No adjustment of character kerning.
(/usr/share/texmf-dist/tex/latex/microtype/mt-cmr.cfg
File: mt-cmr.cfg 2013/05/19 v2.2 microtype config. file: Computer Modern Roman 
(RS)
)
Package microtype Info: Loading generic protrusion settings for font family
(microtype)             `cmtt' (encoding: OT1).
(microtype)             For optimal results, create family-specific settings.
(microtype)             See the microtype manual for details.
LaTeX Font Info:    Trying to load font information for U+msa on input line 109
.

(/usr/share/texmf-dist/tex/latex/amsfonts/umsa.fd
File: umsa.fd 2013/01/14 v3.01 AMS symbols A
)
(/usr/share/texmf-dist/tex/latex/microtype/mt-msa.cfg
File: mt-msa.cfg 2006/02/04 v1.1 microtype config. file: AMS symbols (a) (RS)
)
LaTeX Font Info:    Trying to load font information for U+msb on input line 109
.

(/usr/share/texmf-dist/tex/latex/amsfonts/umsb.fd
File: umsb.fd 2013/01/14 v3.01 AMS symbols B
)
(/usr/share/texmf-dist/tex/latex/microtype/mt-msb.cfg
File: mt-msb.cfg 2005/06/01 v1.0 microtype config. file: AMS symbols (b) (RS)
)
Overfull \hbox (2.22221pt too wide) has occurred while \output is active
[] 
 []


Package hyperref Warning: Token not allowed in a PDF string (PDFDocEncoding):
(hyperref)                removing `math shift' on input line 154.


Package hyperref Warning: Token not allowed in a PDF string (PDFDocEncoding):
(hyperref)                removing `superscript' on input line 154.


Package hyperref Warning: Token not allowed in a PDF string (PDFDocEncoding):
(hyperref)                removing `math shift' on input line 154.


Package hyperref Warning: Token not allowed in a PDF string (PDFDocEncoding):
(hyperref)                removing `math shift' on input line 154.


Package hyperref Warning: Token not allowed in a PDF string (PDFDocEncoding):
(hyperref)                removing `superscript' on input line 154.


Package hyperref Warning: Token not allowed in a PDF string (PDFDocEncoding):
(hyperref)                removing `math shift' on input line 154.


Package hyperref Warning: Token not allowed in a PDF string (PDFDocEncoding):
(hyperref)                removing `math shift' on input line 154.


Package hyperref Warning: Token not allowed in a PDF string (PDFDocEncoding):
(hyperref)                removing `superscript' on input line 154.


Package hyperref Warning: Token not allowed in a PDF string (PDFDocEncoding):
(hyperref)                removing `math shift' on input line 154.

[1{/var/lib/texmf/fonts/map/pdftex/updmap/pdftex.map}


]
<figures/thehalomod_app_schematic.pdf, id=335, 963.6pt x 542.025pt>
File: figures/thehalomod_app_schematic.pdf Graphic file (type pdf)
<use figures/thehalomod_app_schematic.pdf>
Package pdftex.def Info: figures/thehalomod_app_schematic.pdf  used on input li
ne 206.
(pdftex.def)             Requested size: 522.0pt x 293.63199pt.

Underfull \hbox (badness 10000) in paragraph at lines 212--212
[][][]\OT1/cmr/m/n/8 (+20) At [][]$\OT1/cmtt/m/n/8 https : / / halomod . readth
edocs . io / en / latest / examples /
 []

[2] [3 <./figures/thehalomod_app_schematic.pdf>] [4]
Overfull \hbox (0.8542pt too wide) in paragraph at lines 303--304
[]\OT1/cmr/m/n/10 (-20) The two-halo term is most el-e-gantly ex-pressed in Fou
rier-
 []

[5]
<figures/transfer_models.pdf, id=446, 257.20291pt x 200.84737pt>
File: figures/transfer_models.pdf Graphic file (type pdf)
<use figures/transfer_models.pdf>
Package pdftex.def Info: figures/transfer_models.pdf  used on input line 366.
(pdftex.def)             Requested size: 252.0pt x 196.79535pt.
 [6 <./figures/transfer_models.pdf>] [7]
<figures/hmf_models.pdf, id=570, 255.19542pt x 204.52516pt>
File: figures/hmf_models.pdf Graphic file (type pdf)
<use figures/hmf_models.pdf>
Package pdftex.def Info: figures/hmf_models.pdf  used on input line 463.
(pdftex.def)             Requested size: 252.0pt x 201.96872pt.
 [8 <./figures/hmf_models.pdf>]
<figures/bias_models.pdf, id=681, 251.1804pt x 200.84737pt>
File: figures/bias_models.pdf Graphic file (type pdf)
<use figures/bias_models.pdf>
Package pdftex.def Info: figures/bias_models.pdf  used on input line 526.
(pdftex.def)             Requested size: 252.0pt x 201.50882pt.

[9 <./figures/bias_models.pdf>]
Overfull \hbox (1.75787pt too wide) in paragraph at lines 598--599
\OT1/cmr/m/n/10 (-20) malised Fourier trans-form $\OML/cmm/m/it/10 u\OT1/cmr/m/
n/10 (-20) (\OML/cmm/m/it/10 k\OMS/cmsy/m/n/10 j\OML/cmm/m/it/10 m; z\OT1/cmr/m
/n/10 (-20) )$ and the self-convolution
 []


Package natbib Warning: Citation `Vandenbosch2002' on page 10 undefined on inpu
t line 652.


Package natbib Warning: Citation `Dutton2014' on page 10 undefined on input lin
e 658.


Package natbib Warning: Citation `Klypin2016' on page 10 undefined on input lin
e 658.


Package natbib Warning: Citation `Child2018' on page 10 undefined on input line
 658.


Package natbib Warning: Citation `Diemer2015' on page 10 undefined on input lin
e 663.


Package natbib Warning: Citation `Ishiyama2020' on page 10 undefined on input l
ine 663.

[10] [11]
<figures/halo_exclusion.pdf, id=872, 256.19916pt x 209.86375pt>
File: figures/halo_exclusion.pdf Graphic file (type pdf)
<use figures/halo_exclusion.pdf>
Package pdftex.def Info: figures/halo_exclusion.pdf  used on input line 789.
(pdftex.def)             Requested size: 252.0pt x 206.4304pt.
 [12 <./figures/halo_exclusion.pdf>]
<figures/hod_models.pdf, id=951, 256.41873pt x 174.7947pt>
File: figures/hod_models.pdf Graphic file (type pdf)
<use figures/hod_models.pdf>
Package pdftex.def Info: figures/hod_models.pdf  used on input line 847.
(pdftex.def)             Requested size: 252.0pt x 171.78836pt.
 [13 <./figures/hod_models.pdf>]

LaTeX Font Warning: Font shape `OT1/cmr/bx/sc' undefined
(Font)              using `OT1/cmr/bx/n' instead on input line 916.

(./_minted-paper/default-pyg-prefix.pygstyle)
(./_minted-paper/friendly.pygstyle)
(./_minted-paper/5E5DC6B5907570769DA093016B3EA75D33094015A364B13A49F9BA35FF3EBF
BB.pygtex
LaTeX Font Info:    Font shape `OT1/cmtt/bx/n' in size <9> not available
(Font)              Font shape `OT1/cmtt/m/n' tried instead on input line 2.
)
(./_minted-paper/A44C2DED0C4E84F9360469D513BC9E6033094015A364B13A49F9BA35FF3EBF
BB.pygtex)
(./_minted-paper/FEBE09673B3F9F95CB9D3BE64605786433094015A364B13A49F9BA35FF3EBF
BB.pygtex [14])
(./_minted-paper/4511D39E8B16E50D3E7C19226B9CDB5C33094015A364B13A49F9BA35FF3EBF
BB.pygtex)
<figures/toy_example.pdf, id=1044, 289.08pt x 202.356pt>
File: figures/toy_example.pdf Graphic file (type pdf)
<use figures/toy_example.pdf>
Package pdftex.def Info: figures/toy_example.pdf  used on input line 970.
(pdftex.def)             Requested size: 252.0pt x 171.43974pt.
 [15 <./figures/toy_example.pdf>]
Overfull \hbox (8.85147pt too wide) in paragraph at lines 1038--1039
[]\OT1/cmr/m/n/10 (-20) Furthermore, to a greater or lesser de-gree, each \OT1/
cmtt/m/n/10 Component
 []


(./_minted-paper/1C5207ABB4A2DDED280DD943B4CA0F3933094015A364B13A49F9BA35FF3EBF
BB.pygtex) [16]
Overfull \hbox (4.85872pt too wide) in paragraph at lines 1120--1120
[]\OT1/cmtt/m/n/10 force[]1halo[]turnover|  
 []


Overfull \hbox (0.13284pt too wide) in paragraph at lines 1153--1154
 []\OT1/cmr/m/it/10 (-20) Mean den-sity match-ing. \OT1/cmr/m/n/10 (-20) Most H
OD pa-ram-e-ter-i-sa-tions have
 []

[17] [18] [19]
<figures/mass_conversion.pdf, id=1204, 246.49101pt x 171.1169pt>
File: figures/mass_conversion.pdf Graphic file (type pdf)
<use figures/mass_conversion.pdf>
Package pdftex.def Info: figures/mass_conversion.pdf  used on input line 1378.
(pdftex.def)             Requested size: 252.0pt x 174.94423pt.
 [20] [21 <./figures/mass_conversion.pdf>]
<figures/filter_models.pdf, id=1287, 256.52852pt x 205.90532pt>
File: figures/filter_models.pdf Graphic file (type pdf)
<use figures/filter_models.pdf>
Package pdftex.def Info: figures/filter_models.pdf  used on input line 1416.
(pdftex.def)             Requested size: 252.0pt x 202.2791pt.

Overfull \hbox (7.09178pt too wide) in paragraph at lines 1483--1483
[][]|  
 []


Overfull \vbox (25.00046pt too high) detected at line 1571
 []


Overfull \hbox (2.44632pt too wide) in paragraph at lines 1571--1571
[]|[]|  
 []


Overfull \hbox (3.66727pt too wide) in paragraph at lines 1579--1579
[][] \OML/cmm/m/it/10 x []$|  
 []


Overfull \hbox (4.77199pt too wide) in paragraph at lines 1585--1585
[]|\OT1/cmtt/m/n/10 Tinker10PBsplit|  
 []


Overfull \hbox (7.85641pt too wide) in paragraph at lines 1585--1586
[]|\OT1/cmtt/m/n/10 Tinker10|  
 []

[22 <./figures/filter_models.pdf>] [23]
(./_minted-paper/83C97AEFA6119792F247321A904F68DB33094015A364B13A49F9BA35FF3EBF
BB.pygtex)
<figures/profile_models.pdf, id=1383, 456.58179pt x 230.50429pt>
File: figures/profile_models.pdf Graphic file (type pdf)
<use figures/profile_models.pdf>
Package pdftex.def Info: figures/profile_models.pdf  used on input line 1625.
(pdftex.def)             Requested size: 456.58067pt x 230.50371pt.

Overfull \hbox (27.7706pt too wide) detected at line 1645
\OML/cmm/m/it/10 F[] \OT1/cmr/m/n/10 = [] [] [][]\OML/cmm/m/it/10 :
 []

<figures/halo_concentration_models.pdf, id=1410, 243.36998pt x 202.85486pt>
File: figures/halo_concentration_models.pdf Graphic file (type pdf)
<use figures/halo_concentration_models.pdf>
Package pdftex.def Info: figures/halo_concentration_models.pdf  used on input l
ine 1777.
(pdftex.def)             Requested size: 252.0pt x 210.05405pt.

Overfull \hbox (11.11728pt too wide) in paragraph at lines 1839--1839
[]\OT1/cmtt/m/n/10 Ludlow16Empirical|  
 []

[24] [25] [26 <./figures/profile_models.pdf>]
Overfull \hbox (4.66487pt too wide) in paragraph at lines 1924--1925
\OT1/cmr/m/n/10 (-20) tions, es-pe-cially for those re-quir-ing many double-int
egrations.
 []

[27 <./figures/halo_concentration_models.pdf>] [28]
(./_minted-paper/5DF16B042FEE50BB5E0D48C69F2A1E4733094015A364B13A49F9BA35FF3EBF
BB.pygtex [29])
(./_minted-paper/19807312F21BFA9D22CB3C6E038CD20433094015A364B13A49F9BA35FF3EBF
BB.pygtex)
(./_minted-paper/C44C9F92B2E432F0238A766B5276282033094015A364B13A49F9BA35FF3EBF
BB.pygtex)
(./_minted-paper/A103DBEB4EE7CA7A143E0608856E20A833094015A364B13A49F9BA35FF3EBF
BB.pygtex)
(./_minted-paper/84F5FCEBA5F5F794D5A11BB8512F5FC133094015A364B13A49F9BA35FF3EBF
BB.pygtex [30])
(./_minted-paper/B4724C4761B6044580D74873BA88EE9E33094015A364B13A49F9BA35FF3EBF
BB.pygtex)
(./_minted-paper/BECB822299C140A62F40C455C891C4CD33094015A364B13A49F9BA35FF3EBF
BB.pygtex)
<figures/default_corner.pdf, id=1670, 1004.553pt x 1004.553pt>
File: figures/default_corner.pdf Graphic file (type pdf)
<use figures/default_corner.pdf>
Package pdftex.def Info: figures/default_corner.pdf  used on input line 2159.
(pdftex.def)             Requested size: 522.0pt x 522.01802pt.
<figures/residuals.pdf, id=1673, 433.62pt x 289.08pt>
File: figures/residuals.pdf Graphic file (type pdf)
<use figures/residuals.pdf>
Package pdftex.def Info: figures/residuals.pdf  used on input line 2166.
(pdftex.def)             Requested size: 252.0pt x 168.00174pt.


LaTeX Font Warning: Font shape `OT1/cmr/m/scit' undefined
(Font)              using `OT1/cmr/m/sc' instead on input line 2347.


Overfull \hbox (3.21875pt too wide) in paragraph at lines 2350--2352
 []\OT1/cmr/m/it/10 (-20) Performance and Ac-cu-racy Im-prove-ments. \OT1/cmr/m
/n/10 (-20) There are known
 []

[31] [32 <./figures/default_corner.pdf>] (./paper.bbl [33 <./figures/residuals.
pdf>] [34]
Underfull \hbox (badness 1371) in paragraph at lines 760--771
[]\OT1/cmr/m/n/8 (+20) Mandelbaum, R., Sel-jak, U., Kauff-mann, G., Hi-rata, C.
M.,
 []

[35] [36]) [37]
Overfull \hbox (1.66847pt too wide) in paragraph at lines 2485--2485
[]\OT1/cmr/bx/sc/10 Projected Cor-re-la-tion Func-tion Lim-
 []

[38]

Package natbib Warning: There were undefined citations.

Package atveryend Info: Empty hook `BeforeClearDocument' on input line 2525.
[39

]
Package atveryend Info: Empty hook `AfterLastShipout' on input line 2525.
 (./paper.aux)
Package atveryend Info: Executing hook `AtVeryEndDocument' on input line 2525.


 *File List*
elsarticle.cls    2019/02/25, 3.2: Elsevier Ltd
 article.cls    2019/12/20 v1.4l Standard LaTeX document class
  size10.clo    2019/12/20 v1.4l Standard LaTeX file (size option)
graphicx.sty    2019/11/30 v1.2a Enhanced LaTeX Graphics (DPC,SPQR)
  keyval.sty    2014/10/28 v1.15 key=value parser (DPC)
graphics.sty    2019/11/30 v1.4a Standard LaTeX Graphics (DPC,SPQR)
    trig.sty    2016/01/03 v1.10 sin cos tan (DPC)
graphics.cfg    2016/06/04 v1.11 sample graphics configuration
  pdftex.def    2018/01/08 v1.0l Graphics/color driver for pdftex
   paper.spl
  natbib.sty    2010/09/13 8.31b (PWD, AO)
geometry.sty    2020/01/02 v5.9 Page Geometry
  ifvtex.sty    2019/10/25 v1.7 ifvtex legacy package. Use iftex instead.
   iftex.sty    2020/03/06 v1.0d TeX engine tests
   fleqn.clo    2016/12/29 v1.2b Standard LaTeX option (flush left equations)
   array.sty    2019/08/31 v2.4l Tabular extension package (FMi)
  lineno.sty    2005/11/02 line numbers on paragraphs v4.41
  xcolor.sty    2016/05/11 v2.12 LaTeX color extensions (UK)
   color.cfg    2016/01/02 v1.6 sample color configuration
hyperref.sty    2020-05-15 v7.00e Hypertext links for LaTeX
 ltxcmds.sty    2019/12/15 v1.24 LaTeX kernel commands for general use (HO)
pdftexcmds.sty    2020-06-04 v0.32 Utility functions of pdfTeX for LuaTeX (HO)
infwarerr.sty    2019/12/03 v1.5 Providing info/warning/error messages (HO)
kvsetkeys.sty    2019/12/15 v1.18 Key value parser (HO)
kvdefinekeys.sty    2019-12-19 v1.6 Define keys (HO)
pdfescape.sty    2019/12/09 v1.15 Implements pdfTeX's escape features (HO)
 hycolor.sty    2020-01-27 v1.10 Color options for hyperref/bookmark (HO)
letltxmacro.sty    2019/12/03 v1.6 Let assignment for LaTeX macros (HO)
 auxhook.sty    2019-12-17 v1.6 Hooks for auxiliary files (HO)
kvoptions.sty    2019/11/29 v3.13 Key value format for package options (HO)
  pd1enc.def    2020-05-15 v7.00e Hyperref: PDFDocEncoding definition (HO)
 intcalc.sty    2019/12/15 v1.3 Expandable calculations with integers (HO)
etexcmds.sty    2019/12/15 v1.7 Avoid name clashes with e-TeX commands (HO)
     url.sty    2013/09/16  ver 3.4  Verb mode for urls, etc.
  bitset.sty    2019/12/09 v1.3 Handle bit-vector datatype (HO)
bigintcalc.sty    2019/12/15 v1.5 Expandable calculations on big integers (HO)
atbegshi.sty    2019/12/05 v1.19 At begin shipout hook (HO)
 hpdftex.def    2020-05-15 v7.00e Hyperref driver for pdfTeX
atveryend.sty    2019-12-11 v1.11 Hooks at the very end of document (HO)
rerunfilecheck.sty    2019/12/05 v1.9 Rerun checks for auxiliary files (HO)
uniquecounter.sty    2019/12/15 v1.4 Provide unlimited unique counter (HO)
  minted.sty    2017/07/19 v2.5 Yet another Pygments shim for LaTeX
 fvextra.sty    2019/02/04 v1.4 fvextra - extensions and patches for fancyvrb
  ifthen.sty    2014/09/29 v1.1c Standard LaTeX ifthen package (DPC)
etoolbox.sty    2019/09/21 v2.5h e-TeX tools for LaTeX (JAW)
fancyvrb.sty    2020/05/03 v3.6 verbatim text (tvz,hv)
 upquote.sty    2012/04/19 v1.3 upright-quote and grave-accent glyphs in verbat
im
    calc.sty    2017/05/25 v4.3 Infix arithmetic (KKT,FJ)
shellesc.sty    2019/11/08 v1.0c unified shell escape interface for LaTeX
ifplatform.sty    2017/10/13 v0.4a Testing for the operating system
catchfile.sty    2019/12/09 v1.8 Catch the contents of a file (HO)
ifluatex.sty    2019/10/25 v1.5 ifluatex legacy package. Use iftex instead.
  "paper.w18"
 xstring.sty    2019/02/06 v1.83 String manipulations (CT)
  framed.sty    2011/10/22 v 0.96: framed or shaded text with page breaks
   float.sty    2001/11/08 v1.3d Float enhancements (AL)
longtable.sty    2020/01/07 v4.13 Multi-page Table package (DPC)
booktabs.sty    2020/01/12 v1.61803398 Publication quality tables
    tabu.sty    2019/01/11 v2.9 - flexible LaTeX tabulars (FC+tabu-fixed)
varwidth.sty    2009/03/30 ver 0.92;  Variable-width minipages
 amsmath.sty    2020/01/20 v2.17e AMS math features
 amstext.sty    2000/06/29 v2.01 AMS text
  amsgen.sty    1999/11/30 v2.0 generic functions
  amsbsy.sty    1999/11/29 v1.2d Bold Symbols
  amsopn.sty    2016/03/08 v2.02 operator names
multirow.sty    2019/05/31 v2.5 Span multiple rows of a table
    pbox.sty    2011/12/07 v1.2 Dynamic parboxes
 amssymb.sty    2013/01/14 v3.01 AMS font symbols
amsfonts.sty    2013/01/14 v3.01 Basic AMSFonts support
 layouts.sty    2009/09/02 v2.6d graphical depiction of document elements
  subfig.sty    2005/06/28 ver: 1.3 subfig package
 caption.sty    2020/05/10 v3.4j Customizing captions (AR)
caption3.sty    2020/05/10 v1.11 caption3 kernel (AR)
ltcaption.sty    2018/08/26 v1.4a longtable captions (AR)
microtype.sty    2019/11/18 v2.7d Micro-typographical refinements (RS)
microtype-pdftex.def    2019/11/18 v2.7d Definitions specific to pdftex (RS)
microtype.cfg    2019/11/18 v2.7d microtype main configuration file (RS)
citation_fix.tex
l3backend-pdfmode.def    2020-06-03 L3 backend support: PDF mode
supp-pdf.mkii
epstopdf-base.sty    2020-01-24 v2.11 Base part for package epstopdf
epstopdf-sys.cfg    2010/07/13 v1.3 Configuration of (r)epstopdf for TeX Live
 nameref.sty    2019/09/16 v2.46 Cross-referencing by name of section
refcount.sty    2019/12/15 v3.6 Data extraction from label references (HO)
gettitlestring.sty    2019/12/15 v1.6 Cleanup title references (HO)
   paper.out
   paper.out
  mt-cmr.cfg    2013/05/19 v2.2 microtype config. file: Computer Modern Roman (
RS)
    umsa.fd    2013/01/14 v3.01 AMS symbols A
  mt-msa.cfg    2006/02/04 v1.1 microtype config. file: AMS symbols (a) (RS)
    umsb.fd    2013/01/14 v3.01 AMS symbols B
  mt-msb.cfg    2005/06/01 v1.0 microtype config. file: AMS symbols (b) (RS)
figures/thehalomod_app_schematic.pdf
figures/transfer_models.pdf
figures/hmf_models.pdf
figures/bias_models.pdf
figures/halo_exclusion.pdf
figures/hod_models.pdf
_minted-paper/default-pyg-prefix.pygstyle
_minted-paper/friendly.pygstyle
_minted-paper/5E5DC6B5907570769DA093016B3EA75D33094015A364B13A49F9BA35FF3EBFBB.
pygtex
_minted-paper/A44C2DED0C4E84F9360469D513BC9E6033094015A364B13A49F9BA35FF3EBFBB.
pygtex
_minted-paper/FEBE09673B3F9F95CB9D3BE64605786433094015A364B13A49F9BA35FF3EBFBB.
pygtex
_minted-paper/4511D39E8B16E50D3E7C19226B9CDB5C33094015A364B13A49F9BA35FF3EBFBB.
pygtex
figures/toy_example.pdf
_minted-paper/1C5207ABB4A2DDED280DD943B4CA0F3933094015A364B13A49F9BA35FF3EBFBB.
pygtex
figures/mass_conversion.pdf
figures/filter_models.pdf
_minted-paper/83C97AEFA6119792F247321A904F68DB33094015A364B13A49F9BA35FF3EBFBB.
pygtex
figures/profile_models.pdf
figures/halo_concentration_models.pdf
_minted-paper/5DF16B042FEE50BB5E0D48C69F2A1E4733094015A364B13A49F9BA35FF3EBFBB.
pygtex
_minted-paper/19807312F21BFA9D22CB3C6E038CD20433094015A364B13A49F9BA35FF3EBFBB.
pygtex
_minted-paper/C44C9F92B2E432F0238A766B5276282033094015A364B13A49F9BA35FF3EBFBB.
pygtex
_minted-paper/A103DBEB4EE7CA7A143E0608856E20A833094015A364B13A49F9BA35FF3EBFBB.
pygtex
_minted-paper/84F5FCEBA5F5F794D5A11BB8512F5FC133094015A364B13A49F9BA35FF3EBFBB.
pygtex
_minted-paper/B4724C4761B6044580D74873BA88EE9E33094015A364B13A49F9BA35FF3EBFBB.
pygtex
_minted-paper/BECB822299C140A62F40C455C891C4CD33094015A364B13A49F9BA35FF3EBFBB.
pygtex
figures/default_corner.pdf
figures/residuals.pdf
   paper.bbl
 ***********

Package atveryend Info: Executing hook `AtEndAfterFileList' on input line 2525.

Package rerunfilecheck Info: File `paper.out' has not changed.
(rerunfilecheck)             Checksum: 8FB75F310800145143946DC6C7F05A3C;3980.

LaTeX Font Warning: Some font shapes were not available, defaults substituted.

runsystem(rm paper.pyg)...executed.

Package atveryend Info: Empty hook `AtVeryVeryEnd' on input line 2525.
 ) 
Here is how much of TeX's memory you used:
 16628 strings out of 480478
 270420 string characters out of 5905959
 684303 words of memory out of 5000000
 31611 multiletter control sequences out of 15000+600000
 552791 words of font info for 209 fonts, out of 8000000 for 9000
 1141 hyphenation exceptions out of 8191
 47i,27n,50p,2587b,742s stack positions out of 5000i,500n,10000p,200000b,80000s
{/usr/share/texmf-dist/fonts/enc/dvips/cm-super/cm-super-ts1.enc}</usr/share/
texmf-dist/fonts/type1/public/amsfonts/cm/cmbx10.pfb></usr/share/texmf-dist/fon
ts/type1/public/amsfonts/cm/cmbx7.pfb></usr/share/texmf-dist/fonts/type1/public
/amsfonts/cm/cmcsc10.pfb></usr/share/texmf-dist/fonts/type1/public/amsfonts/cm/
cmex10.pfb></usr/share/texmf-dist/fonts/type1/public/amsfonts/cmextra/cmex9.pfb
></usr/share/texmf-dist/fonts/type1/public/amsfonts/cm/cmitt10.pfb></usr/share/
texmf-dist/fonts/type1/public/amsfonts/cm/cmmi10.pfb></usr/share/texmf-dist/fon
ts/type1/public/amsfonts/cm/cmmi5.pfb></usr/share/texmf-dist/fonts/type1/public
/amsfonts/cm/cmmi6.pfb></usr/share/texmf-dist/fonts/type1/public/amsfonts/cm/cm
mi7.pfb></usr/share/texmf-dist/fonts/type1/public/amsfonts/cm/cmmi8.pfb></usr/s
hare/texmf-dist/fonts/type1/public/amsfonts/cm/cmmi9.pfb></usr/share/texmf-dist
/fonts/type1/public/amsfonts/cm/cmr10.pfb></usr/share/texmf-dist/fonts/type1/pu
blic/amsfonts/cm/cmr12.pfb></usr/share/texmf-dist/fonts/type1/public/amsfonts/c
m/cmr5.pfb></usr/share/texmf-dist/fonts/type1/public/amsfonts/cm/cmr6.pfb></usr
/share/texmf-dist/fonts/type1/public/amsfonts/cm/cmr7.pfb></usr/share/texmf-dis
t/fonts/type1/public/amsfonts/cm/cmr8.pfb></usr/share/texmf-dist/fonts/type1/pu
blic/amsfonts/cm/cmr9.pfb></usr/share/texmf-dist/fonts/type1/public/amsfonts/cm
/cmsy10.pfb></usr/share/texmf-dist/fonts/type1/public/amsfonts/cm/cmsy5.pfb></u
sr/share/texmf-dist/fonts/type1/public/amsfonts/cm/cmsy6.pfb></usr/share/texmf-
dist/fonts/type1/public/amsfonts/cm/cmsy7.pfb></usr/share/texmf-dist/fonts/type
1/public/amsfonts/cm/cmsy8.pfb></usr/share/texmf-dist/fonts/type1/public/amsfon
ts/cm/cmsy9.pfb></usr/share/texmf-dist/fonts/type1/public/amsfonts/cm/cmti10.pf
b></usr/share/texmf-dist/fonts/type1/public/amsfonts/cm/cmti8.pfb></usr/share/t
exmf-dist/fonts/type1/public/amsfonts/cm/cmtt10.pfb></usr/share/texmf-dist/font
s/type1/public/amsfonts/cm/cmtt8.pfb></usr/share/texmf-dist/fonts/type1/public/
amsfonts/cm/cmtt9.pfb></usr/share/texmf-dist/fonts/type1/public/cm-super/sfrm08
00.pfb></usr/share/texmf-dist/fonts/type1/public/cm-super/sfrm1000.pfb>
Output written on paper.pdf (39 pages, 1255226 bytes).
PDF statistics:
 2178 PDF objects out of 2487 (max. 8388607)
 1564 compressed objects within 16 object streams
 419 named destinations out of 1000 (max. 500000)
 23568 words of extra memory for PDF output out of 24883 (max. 10000000)

